-------------------------------------------------------------------------------
Test set: com.gibsams.gibsamscoremodule.controller.NotificationControllerTest
-------------------------------------------------------------------------------
Tests run: 3, Failures: 3, Errors: 0, Skipped: 0, Time elapsed: 0.2 s <<< FAILURE! - in com.gibsams.gibsamscoremodule.controller.NotificationControllerTest
testGetNotifications(com.gibsams.gibsamscoremodule.controller.NotificationControllerTest)  Time elapsed: 0.036 s  <<< FAILURE!
java.lang.AssertionError: expected:<200> but was:<404>
	at com.gibsams.gibsamscoremodule.controller.NotificationControllerTest.testGetNotifications(NotificationControllerTest.java:76)

testGetNotificationsWhenEmpty(com.gibsams.gibsamscoremodule.controller.NotificationControllerTest)  Time elapsed: 0.128 s  <<< FAILURE!
java.lang.AssertionError: expected:<200> but was:<404>
	at com.gibsams.gibsamscoremodule.controller.NotificationControllerTest.testGetNotificationsWhenEmpty(NotificationControllerTest.java:96)

testDeleteNotification(com.gibsams.gibsamscoremodule.controller.NotificationControllerTest)  Time elapsed: 0.036 s  <<< FAILURE!
java.lang.AssertionError: expected:<200> but was:<404>
	at com.gibsams.gibsamscoremodule.controller.NotificationControllerTest.testDeleteNotification(NotificationControllerTest.java:112)

