-------------------------------------------------------------------------------
Test set: com.gibsams.gibsamscoremodule.service.ChatServiceTest
-------------------------------------------------------------------------------
Tests run: 22, Failures: 3, Errors: 0, Skipped: 0, Time elapsed: 0.008 s <<< FAILURE! - in com.gibsams.gibsamscoremodule.service.ChatServiceTest
testSendMessageAsChatUser(com.gibsams.gibsamscoremodule.service.ChatServiceTest)  Time elapsed: 0 s  <<< FAILURE!
org.junit.ComparisonFailure: expected:<[jlove09876]> but was:<[Sam]>
	at com.gibsams.gibsamscoremodule.service.ChatServiceTest.testSendMessageAsChatUser(ChatServiceTest.java:128)

testAddActiveUserWhenGibSamsUserAndChatIsAvailable(com.gibsams.gibsamscoremodule.service.ChatServiceTest)  Time elapsed: 0 s  <<< FAILURE!
java.lang.AssertionError: expected:<1> but was:<0>
	at com.gibsams.gibsamscoremodule.service.ChatServiceTest.testAddActiveUserWhenGibSamsUserAndChatIsAvailable(ChatServiceTest.java:260)

testDisconnectGibSamsUser(com.gibsams.gibsamscoremodule.service.ChatServiceTest)  Time elapsed: 0 s  <<< FAILURE!
org.mockito.exceptions.verification.WantedButNotInvoked: 

Wanted but not invoked:
simpMessagingTemplate.convertAndSend(
    "/chat/jlove09876",
    Message [dateSent=null, sender=Sam, recipient=jlove09876, content=I'm a little teapot!, type=LEAVE]
);
-> at com.gibsams.gibsamscoremodule.service.ChatServiceTest.testDisconnectGibSamsUser(ChatServiceTest.java:184)
Actually, there were zero interactions with this mock.

	at com.gibsams.gibsamscoremodule.service.ChatServiceTest.testDisconnectGibSamsUser(ChatServiceTest.java:184)

